<?xml version="1.0" encoding="UTF-8"?>
<!-- Generated by org.testng.reporters.JUnitReportReporter -->
<testsuite hostname="DESKTOP-IPVOHCG" failures="0" tests="1" name="maventest.demo.MavenTest" time="8.701" errors="0" timestamp="2025-04-01T15:16:33 IST" skipped="0">
  <testcase classname="maventest.demo.MavenTest" name="setUp" time="8.701"/>
</testsuite> <!-- maventest.demo.MavenTest -->
